#
# There is insufficient memory for the Java Runtime Environment to continue.
# Native memory allocation (mmap) failed to map 536870912 bytes for G1 virtual space
# Possible reasons:
#   The system is out of physical RAM or swap space
#   The process is running with CompressedOops enabled, and the Java Heap may be blocking the growth of the native heap
# Possible solutions:
#   Reduce memory load on the system
#   Increase physical memory or swap space
#   Check if swap backing store is full
#   Decrease Java heap size (-Xmx/-Xms)
#   Decrease number of Java threads
#   Decrease Java thread stack sizes (-Xss)
#   Set larger code cache with -XX:ReservedCodeCacheSize=
#   JVM is running with Zero Based Compressed Oops mode in which the Java heap is
#     placed in the first 32GB address space. The Java Heap base address is the
#     maximum limit for the native heap growth. Please use -XX:HeapBaseMinAddress
#     to set the Java Heap base and to place the Java Heap above 32GB virtual address.
# This output file may be truncated or incomplete.
#
#  Out of Memory Error (os_windows.cpp:3769), pid=21988, tid=24640
#
# JRE version:  (17.0.6) (build )
# Java VM: OpenJDK 64-Bit Server VM (17.0.6+0-b2043.56-9586694, mixed mode, sharing, tiered, compressed oops, compressed class ptrs, g1 gc, windows-amd64)
# No core dump will be written. Minidumps are not enabled by default on client versions of Windows
#

---------------  S U M M A R Y ------------

Command Line: org.jetbrains.kotlin.cli.jvm.K2JVMCompiler @D:\Chat\app\build\20230913_6145102929684870909.compiler.options

Host: Intel(R) Core(TM) i7-9750H CPU @ 2.60GHz, 12 cores, 31G,  Windows 10 , 64 bit Build 19041 (10.0.19041.3155)
Time: Wed Sep 13 13:59:04 2023  Windows 10 , 64 bit Build 19041 (10.0.19041.3155) elapsed time: 0.012757 seconds (0d 0h 0m 0s)

---------------  T H R E A D  ---------------

Current thread (0x0000020cd942e420):  JavaThread "Unknown thread" [_thread_in_vm, id=24640, stack(0x000000266a700000,0x000000266a800000)]

Stack: [0x000000266a700000,0x000000266a800000]
Native frames: (J=compiled Java code, j=interpreted, Vv=VM code, C=native code)
V  [jvm.dll+0x683b4a]
V  [jvm.dll+0x842654]
V  [jvm.dll+0x843dfe]
V  [jvm.dll+0x844463]
V  [jvm.dll+0x249b75]
V  [jvm.dll+0x680a19]
V  [jvm.dll+0x674f0a]
V  [jvm.dll+0x309acb]
V  [jvm.dll+0x310f86]
V  [jvm.dll+0x3608ee]
V  [jvm.dll+0x360b1f]
V  [jvm.dll+0x2dfbf8]
V  [jvm.dll+0x2e0b64]
V  [jvm.dll+0x813f41]
V  [jvm.dll+0x36e6a1]
V  [jvm.dll+0x7f347c]
V  [jvm.dll+0x3f0e8f]
V  [jvm.dll+0x3f29d1]
C  [jli.dll+0x526b]
C  [ucrtbase.dll+0x21bb2]
C  [KERNEL32.DLL+0x17614]
C  [ntdll.dll+0x526b1]


---------------  P R O C E S S  ---------------

Threads class SMR info:
_java_thread_list=0x00007ffca1a8c058, length=0, elements={
}

Java Threads: ( => current thread )

Other Threads:
  0x0000020cdb606240 GCTaskThread "GC Thread#0" [stack: 0x000000266a800000,0x000000266a900000] [id=25764]
  0x0000020cdb617090 ConcurrentGCThread "G1 Main Marker" [stack: 0x000000266a900000,0x000000266aa00000] [id=4748]
  0x0000020cdb618240 ConcurrentGCThread "G1 Conc#0" [stack: 0x000000266aa00000,0x000000266ab00000] [id=20060]

[error occurred during error reporting (printing all threads), id 0xc0000005, EXCEPTION_ACCESS_VIOLATION (0xc0000005) at pc=0x00007ffca1240797]

VM state: not at safepoint (not fully initialized)

VM Mutex/Monitor currently owned by a thread:  ([mutex/lock_event])
[0x0000020cdb553b30] Heap_lock - owner thread: 0x0000020cd942e420

Heap address: 0x0000000601c00000, size: 8164 MB, Compressed Oops mode: Zero based, Oop shift amount: 3

CDS archive(s) mapped at: [0x0000000000000000-0x0000000000000000-0x0000000000000000), size 0, SharedBaseAddress: 0x0000000800000000, ArchiveRelocationMode: 0.
Narrow klass base: 0x0000000000000000, Narrow klass shift: 0, Narrow klass range: 0x0

GC Precious Log:
<Empty>

Heap:
 garbage-first heap   total 0K, used 0K [0x0000000601c00000, 0x0000000800000000)
  region size 4096K, 0 young (0K), 0 survivors (0K)

[error occurred during error reporting (printing heap information), id 0xc0000005, EXCEPTION_ACCESS_VIOLATION (0xc0000005) at pc=0x00007ffca162d939]

GC Heap History (0 events):
No events

Dll operation events (1 events):
Event: 0.007 Loaded shared library D:\Android\Android Studio\jbr\bin\java.dll

Deoptimization events (0 events):
No events

Classes unloaded (0 events):
No events

Classes redefined (0 events):
No events

Internal exceptions (0 events):
No events

VM Operations (0 events):
No events

Events (0 events):
No events


Dynamic libraries:
0x00007ff72d9d0000 - 0x00007ff72d9da000 	D:\Android\Android Studio\jbr\bin\java.exe
0x00007ffd46670000 - 0x00007ffd46868000 	C:\Windows\SYSTEM32\ntdll.dll
0x00007ffd44d60000 - 0x00007ffd44e1f000 	C:\Windows\System32\KERNEL32.DLL
0x00007ffd43d50000 - 0x00007ffd44046000 	C:\Windows\System32\KERNELBASE.dll
0x00007ffd44580000 - 0x00007ffd44680000 	C:\Windows\System32\ucrtbase.dll
0x00007ffd08be0000 - 0x00007ffd08bf7000 	D:\Android\Android Studio\jbr\bin\jli.dll
0x00007ffd1fd60000 - 0x00007ffd1fd7b000 	D:\Android\Android Studio\jbr\bin\VCRUNTIME140.dll
0x00007ffd45610000 - 0x00007ffd457ad000 	C:\Windows\System32\USER32.dll
0x00007ffd24cb0000 - 0x00007ffd24f4a000 	C:\Windows\WinSxS\amd64_microsoft.windows.common-controls_6595b64144ccf1df_6.0.19041.1110_none_60b5254171f9507e\COMCTL32.dll
0x00007ffd46250000 - 0x00007ffd462ee000 	C:\Windows\System32\msvcrt.dll
0x00007ffd44100000 - 0x00007ffd44122000 	C:\Windows\System32\win32u.dll
0x00007ffd44890000 - 0x00007ffd448bc000 	C:\Windows\System32\GDI32.dll
0x00007ffd44290000 - 0x00007ffd443a5000 	C:\Windows\System32\gdi32full.dll
0x00007ffd443b0000 - 0x00007ffd4444d000 	C:\Windows\System32\msvcp_win.dll
0x00007ffd44d30000 - 0x00007ffd44d60000 	C:\Windows\System32\IMM32.DLL
0x00007ffd39d30000 - 0x00007ffd39d3c000 	D:\Android\Android Studio\jbr\bin\vcruntime140_1.dll
0x00007ffcfd5b0000 - 0x00007ffcfd63d000 	D:\Android\Android Studio\jbr\bin\msvcp140.dll
0x00007ffca0f50000 - 0x00007ffca1bbd000 	D:\Android\Android Studio\jbr\bin\server\jvm.dll
0x00007ffd457b0000 - 0x00007ffd4585f000 	C:\Windows\System32\ADVAPI32.dll
0x00007ffd447f0000 - 0x00007ffd4488c000 	C:\Windows\System32\sechost.dll
0x00007ffd46500000 - 0x00007ffd46626000 	C:\Windows\System32\RPCRT4.dll
0x00007ffd3bba0000 - 0x00007ffd3bba9000 	C:\Windows\SYSTEM32\WSOCK32.dll
0x00007ffd32a60000 - 0x00007ffd32a87000 	C:\Windows\SYSTEM32\WINMM.dll
0x00007ffd44f80000 - 0x00007ffd44feb000 	C:\Windows\System32\WS2_32.dll
0x00007ffd36850000 - 0x00007ffd3685a000 	C:\Windows\SYSTEM32\VERSION.dll
0x00007ffd42580000 - 0x00007ffd42592000 	C:\Windows\SYSTEM32\kernel.appcore.dll
0x00007ffd33100000 - 0x00007ffd3310a000 	D:\Android\Android Studio\jbr\bin\jimage.dll
0x00007ffd3e0c0000 - 0x00007ffd3e2a4000 	C:\Windows\SYSTEM32\DBGHELP.DLL
0x00007ffd22590000 - 0x00007ffd225c4000 	C:\Windows\SYSTEM32\dbgcore.DLL
0x00007ffd444f0000 - 0x00007ffd44572000 	C:\Windows\System32\bcryptPrimitives.dll
0x00007ffd07db0000 - 0x00007ffd07dd5000 	D:\Android\Android Studio\jbr\bin\java.dll

dbghelp: loaded successfully - version: 4.0.5 - missing functions: none
symbol engine: initialized successfully - sym options: 0x614 - pdb path: .;D:\Android\Android Studio\jbr\bin;C:\Windows\SYSTEM32;C:\Windows\WinSxS\amd64_microsoft.windows.common-controls_6595b64144ccf1df_6.0.19041.1110_none_60b5254171f9507e;D:\Android\Android Studio\jbr\bin\server

VM Arguments:
java_command: org.jetbrains.kotlin.cli.jvm.K2JVMCompiler @D:\Chat\app\build\20230913_6145102929684870909.compiler.options
java_class_path (initial): C:\Users\valie\.gradle\caches\modules-2\files-2.1\org.jetbrains.kotlin\kotlin-compiler-embeddable\1.8.20\78d9baa57f65babf9e0a93e51f62f26f5f35ac3e\kotlin-compiler-embeddable-1.8.20.jar;C:\Users\valie\.gradle\caches\modules-2\files-2.1\org.jetbrains.kotlin\kotlin-stdlib\1.8.20\e72fc5e03ec6c064c678a6bd0d955c88d55b0c4a\kotlin-stdlib-1.8.20.jar;C:\Users\valie\.gradle\caches\modules-2\files-2.1\org.jetbrains.kotlin\kotlin-script-runtime\1.8.20\c850771e723701f9d63dbcf641429c0f29290074\kotlin-script-runtime-1.8.20.jar;C:\Users\valie\.gradle\caches\modules-2\files-2.1\org.jetbrains.kotlin\kotlin-reflect\1.6.10\1cbe9c92c12a94eea200d23c2bbaedaf3daf5132\kotlin-reflect-1.6.10.jar;C:\Users\valie\.gradle\caches\modules-2\files-2.1\org.jetbrains.kotlin\kotlin-daemon-embeddable\1.8.20\c1b808fbe5fee60bd0504a54778120ef40f383d4\kotlin-daemon-embeddable-1.8.20.jar;C:\Users\valie\.gradle\caches\modules-2\files-2.1\org.jetbrains.intellij.deps\trove4j\1.0.20200330\3afb14d5f9ceb459d724e907a21145e8ff394f02\trove4j-1.0.20200330.jar;C:\Users\valie\.gradle\caches\modules-2\files-2.1\net.java.dev.jna\jna\5.6.0\330f2244e9030119ab3030fc3fededc86713d9cc\jna-5.6.0.jar;C:\Users\valie\.gradle\caches\modules-2\files-2.1\org.jetbrains.kotlin\kotlin-stdlib-common\1.8.20\5eddaaf234c8c49d03eebeb6a14feb7f90faca71\kotlin-stdlib-common-1.8.20.jar;C:\Users\valie\.gradle\caches\modules-2\files-2.1\org.jetbrains\annotations\13.0\919f0dfe192fb4e063e7dacadee7f8bb9a2672a9\annotations-13.0.jar
Launcher Type: SUN_STANDARD

[Global flags]
     intx CICompilerCount                          = 4                                         {product} {ergonomic}
     uint ConcGCThreads                            = 3                                         {product} {ergonomic}
     uint G1ConcRefinementThreads                  = 10                                        {product} {ergonomic}
   size_t G1HeapRegionSize                         = 4194304                                   {product} {ergonomic}
    uintx GCDrainStackTargetSize                   = 64                                        {product} {ergonomic}
   size_t InitialHeapSize                          = 536870912                                 {product} {ergonomic}
   size_t MarkStackSize                            = 4194304                                   {product} {ergonomic}
   size_t MaxHeapSize                              = 8560574464                                {product} {ergonomic}
   size_t MinHeapDeltaBytes                        = 4194304                                   {product} {ergonomic}
   size_t MinHeapSize                              = 8388608                                   {product} {ergonomic}
    uintx NonNMethodCodeHeapSize                   = 5839372                                {pd product} {ergonomic}
    uintx NonProfiledCodeHeapSize                  = 122909434                              {pd product} {ergonomic}
    uintx ProfiledCodeHeapSize                     = 122909434                              {pd product} {ergonomic}
    uintx ReservedCodeCacheSize                    = 251658240                              {pd product} {ergonomic}
     bool SegmentedCodeCache                       = true                                      {product} {ergonomic}
   size_t SoftMaxHeapSize                          = 8560574464                             {manageable} {ergonomic}
     bool UseCompressedClassPointers               = true                           {product lp64_product} {ergonomic}
     bool UseCompressedOops                        = true                           {product lp64_product} {ergonomic}
     bool UseG1GC                                  = true                                      {product} {ergonomic}
     bool UseLargePagesIndividualAllocation        = false                                  {pd product} {ergonomic}

Logging:
Log output configuration:
 #0: stdout all=warning uptime,level,tags
 #1: stderr all=off uptime,level,tags

Environment Variables:
PATH=C:\Windows\system32;C:\Windows;C:\Windows\System32\Wbem;C:\Windows\System32\WindowsPowerShell\v1.0\;C:\Windows\System32\OpenSSH\;C:\Program Files\NVIDIA Corporation\NVIDIA NvDLISR;C:\Program Files (x86)\NVIDIA Corporation\PhysX\Common;C:\Program Files\Git\cmd;C:\Users\valie\AppData\Local\Microsoft\WindowsApps;
USERNAME=valie
OS=Windows_NT
PROCESSOR_IDENTIFIER=Intel64 Family 6 Model 158 Stepping 10, GenuineIntel
TMP=C:\Users\valie\AppData\Local\Temp
TEMP=C:\Users\valie\AppData\Local\Temp



---------------  S Y S T E M  ---------------

OS:
 Windows 10 , 64 bit Build 19041 (10.0.19041.3155)
OS uptime: 2 days 1:05 hours

CPU: total 12 (initial active 12) (6 cores per cpu, 2 threads per core) family 6 model 158 stepping 10 microcode 0xea, cx8, cmov, fxsr, ht, mmx, 3dnowpref, sse, sse2, sse3, ssse3, sse4.1, sse4.2, popcnt, lzcnt, tsc, tscinvbit, avx, avx2, aes, erms, clmul, bmi1, bmi2, adx, fma, vzeroupper, clflush, clflushopt

Memory: 4k page, system-wide physical 32645M (12803M free)
TotalPageFile size 70063M (AvailPageFile size 370M)
current process WorkingSet (physical memory assigned to process): 10M, peak: 10M
current process commit charge ("private bytes"): 64M, peak: 576M

vm_info: OpenJDK 64-Bit Server VM (17.0.6+0-b2043.56-9586694) for windows-amd64 JRE (17.0.6+0-b2043.56-9586694), built on Feb  9 2023 20:06:20 by "androidbuild" with MS VC++ 16.10 / 16.11 (VS2019)

END.
